<?xml version="1.0" encoding="UTF-8"?>
<!-- Generated by org.testng.reporters.JUnitReportReporter -->
<testsuite hostname="DESKTOP-PSS329H" failures="0" tests="1" name="testCases.TC_02_LoginTestCase" time="2.015" errors="0" timestamp="2024-05-16T15:13:46 IST" skipped="0">
  <testcase classname="testCases.TC_02_LoginTestCase" name="verify_Login" time="2.015"/>
</testsuite> <!-- testCases.TC_02_LoginTestCase -->
